<?xml version="1.0" encoding="UTF-8"?>
<testng-results ignored="0" total="6" passed="5" failed="1" skipped="0">
  <reporter-output>
  </reporter-output>
  <suite started-at="2026-02-25T14:34:59 IST" name="Default suite" finished-at="2026-02-25T14:36:14 IST" duration-ms="75237">
    <groups>
    </groups>
    <test started-at="2026-02-25T14:34:59 IST" name="Default test" finished-at="2026-02-25T14:36:14 IST" duration-ms="75237">
      <class name="tracker.HomeTest">
        <test-method is-config="true" signature="setupReport()[pri:0, instance:tracker.HomeTest@7c137fd5]" started-at="2026-02-25T14:34:59 IST" name="setupReport" finished-at="2026-02-25T14:34:59 IST" duration-ms="312" status="PASS">
          <reporter-output>
          </reporter-output>
        </test-method> <!-- setupReport -->
        <test-method is-config="true" signature="setUp()[pri:0, instance:tracker.HomeTest@7c137fd5]" started-at="2026-02-25T14:34:59 IST" name="setUp" finished-at="2026-02-25T14:35:04 IST" duration-ms="4897" status="PASS">
          <reporter-output>
          </reporter-output>
        </test-method> <!-- setUp -->
        <test-method is-config="true" signature="createTest(java.lang.reflect.Method)[pri:0, instance:tracker.HomeTest@7c137fd5]" started-at="2026-02-25T14:35:04 IST" name="createTest" finished-at="2026-02-25T14:35:04 IST" duration-ms="1" status="PASS">
          <params>
            <param index="0">
              <value>
                <![CDATA[public void tracker.HomeTest.validateBusinessLogicForAllStates()]]>
              </value>
            </param>
          </params>
          <reporter-output>
          </reporter-output>
        </test-method> <!-- createTest -->
        <test-method signature="validateBusinessLogicForAllStates()[pri:0, instance:tracker.HomeTest@7c137fd5]" started-at="2026-02-25T14:35:04 IST" name="validateBusinessLogicForAllStates" finished-at="2026-02-25T14:35:32 IST" duration-ms="27532" status="PASS">
          <reporter-output>
          </reporter-output>
        </test-method> <!-- validateBusinessLogicForAllStates -->
        <test-method is-config="true" signature="captureResult(org.testng.ITestResult)[pri:0, instance:tracker.HomeTest@7c137fd5]" started-at="2026-02-25T14:35:32 IST" name="captureResult" finished-at="2026-02-25T14:35:32 IST" duration-ms="0" status="PASS">
          <params>
            <param index="0">
              <value>
                <![CDATA[[TestResult name=validateBusinessLogicForAllStates status=SUCCESS method=HomeTest.validateBusinessLogicForAllStates()[pri:0, instance:tracker.HomeTest@7c137fd5] output={null}]]]>
              </value>
            </param>
          </params>
          <reporter-output>
          </reporter-output>
        </test-method> <!-- captureResult -->
        <test-method signature="validateCardsForAllStates()[pri:0, instance:tracker.HomeTest@7c137fd5]" started-at="2026-02-25T14:35:32 IST" name="validateCardsForAllStates" finished-at="2026-02-25T14:35:56 IST" duration-ms="24549" status="PASS">
          <reporter-output>
          </reporter-output>
        </test-method> <!-- validateCardsForAllStates -->
        <test-method is-config="true" signature="createTest(java.lang.reflect.Method)[pri:0, instance:tracker.HomeTest@7c137fd5]" started-at="2026-02-25T14:35:32 IST" name="createTest" finished-at="2026-02-25T14:35:32 IST" duration-ms="0" status="PASS">
          <params>
            <param index="0">
              <value>
                <![CDATA[public void tracker.HomeTest.validateCardsForAllStates()]]>
              </value>
            </param>
          </params>
          <reporter-output>
          </reporter-output>
        </test-method> <!-- createTest -->
        <test-method is-config="true" signature="captureResult(org.testng.ITestResult)[pri:0, instance:tracker.HomeTest@7c137fd5]" started-at="2026-02-25T14:35:56 IST" name="captureResult" finished-at="2026-02-25T14:35:56 IST" duration-ms="2" status="PASS">
          <params>
            <param index="0">
              <value>
                <![CDATA[[TestResult name=validateCardsForAllStates status=SUCCESS method=HomeTest.validateCardsForAllStates()[pri:0, instance:tracker.HomeTest@7c137fd5] output={null}]]]>
              </value>
            </param>
          </params>
          <reporter-output>
          </reporter-output>
        </test-method> <!-- captureResult -->
        <test-method is-config="true" signature="createTest(java.lang.reflect.Method)[pri:0, instance:tracker.HomeTest@7c137fd5]" started-at="2026-02-25T14:35:56 IST" name="createTest" finished-at="2026-02-25T14:35:56 IST" duration-ms="2" status="PASS">
          <params>
            <param index="0">
              <value>
                <![CDATA[public void tracker.HomeTest.validateDropdownStatesLoaded()]]>
              </value>
            </param>
          </params>
          <reporter-output>
          </reporter-output>
        </test-method> <!-- createTest -->
        <test-method signature="validateDropdownStatesLoaded()[pri:0, instance:tracker.HomeTest@7c137fd5]" started-at="2026-02-25T14:35:56 IST" name="validateDropdownStatesLoaded" finished-at="2026-02-25T14:35:56 IST" duration-ms="95" status="PASS">
          <reporter-output>
          </reporter-output>
        </test-method> <!-- validateDropdownStatesLoaded -->
        <test-method is-config="true" signature="captureResult(org.testng.ITestResult)[pri:0, instance:tracker.HomeTest@7c137fd5]" started-at="2026-02-25T14:35:56 IST" name="captureResult" finished-at="2026-02-25T14:35:56 IST" duration-ms="2" status="PASS">
          <params>
            <param index="0">
              <value>
                <![CDATA[[TestResult name=validateDropdownStatesLoaded status=SUCCESS method=HomeTest.validateDropdownStatesLoaded()[pri:0, instance:tracker.HomeTest@7c137fd5] output={null}]]]>
              </value>
            </param>
          </params>
          <reporter-output>
          </reporter-output>
        </test-method> <!-- captureResult -->
        <test-method is-config="true" signature="createTest(java.lang.reflect.Method)[pri:0, instance:tracker.HomeTest@7c137fd5]" started-at="2026-02-25T14:35:56 IST" name="createTest" finished-at="2026-02-25T14:35:56 IST" duration-ms="2" status="PASS">
          <params>
            <param index="0">
              <value>
                <![CDATA[public void tracker.HomeTest.validateLineChartRendersForAllStates()]]>
              </value>
            </param>
          </params>
          <reporter-output>
          </reporter-output>
        </test-method> <!-- createTest -->
        <test-method signature="validateLineChartRendersForAllStates()[pri:0, instance:tracker.HomeTest@7c137fd5]" started-at="2026-02-25T14:35:56 IST" name="validateLineChartRendersForAllStates" finished-at="2026-02-25T14:36:12 IST" duration-ms="16105" status="PASS">
          <reporter-output>
          </reporter-output>
        </test-method> <!-- validateLineChartRendersForAllStates -->
        <test-method is-config="true" signature="captureResult(org.testng.ITestResult)[pri:0, instance:tracker.HomeTest@7c137fd5]" started-at="2026-02-25T14:36:12 IST" name="captureResult" finished-at="2026-02-25T14:36:12 IST" duration-ms="0" status="PASS">
          <params>
            <param index="0">
              <value>
                <![CDATA[[TestResult name=validateLineChartRendersForAllStates status=SUCCESS method=HomeTest.validateLineChartRendersForAllStates()[pri:0, instance:tracker.HomeTest@7c137fd5] output={null}]]]>
              </value>
            </param>
          </params>
          <reporter-output>
          </reporter-output>
        </test-method> <!-- captureResult -->
        <test-method signature="validateLineChartValuesMatchCardValues()[pri:0, instance:tracker.HomeTest@7c137fd5]" started-at="2026-02-25T14:36:12 IST" name="validateLineChartValuesMatchCardValues" finished-at="2026-02-25T14:36:14 IST" duration-ms="1089" status="PASS">
          <reporter-output>
          </reporter-output>
        </test-method> <!-- validateLineChartValuesMatchCardValues -->
        <test-method is-config="true" signature="createTest(java.lang.reflect.Method)[pri:0, instance:tracker.HomeTest@7c137fd5]" started-at="2026-02-25T14:36:12 IST" name="createTest" finished-at="2026-02-25T14:36:12 IST" duration-ms="0" status="PASS">
          <params>
            <param index="0">
              <value>
                <![CDATA[public void tracker.HomeTest.validateLineChartValuesMatchCardValues()]]>
              </value>
            </param>
          </params>
          <reporter-output>
          </reporter-output>
        </test-method> <!-- createTest -->
        <test-method signature="validatePieChartRendersForAllStates()[pri:0, instance:tracker.HomeTest@7c137fd5]" started-at="2026-02-25T14:36:14 IST" name="validatePieChartRendersForAllStates" finished-at="2026-02-25T14:36:14 IST" duration-ms="440" status="FAIL">
          <exception class="java.lang.AssertionError">
            <message>
              <![CDATA[Pie chart slice count incorrect for: Andhra Pradesh expected [4] but found [8]]]>
            </message>
            <full-stacktrace>
              <![CDATA[java.lang.AssertionError: Pie chart slice count incorrect for: Andhra Pradesh expected [4] but found [8]
at org.testng.Assert.fail(Assert.java:111)
at org.testng.Assert.failNotEquals(Assert.java:1590)
at org.testng.Assert.assertEqualsImpl(Assert.java:150)
at org.testng.Assert.assertEquals(Assert.java:132)
at org.testng.Assert.assertEquals(Assert.java:1431)
at org.testng.Assert.assertEquals(Assert.java:1395)
at tracker.HomeTest.validatePieChartRendersForAllStates(HomeTest.java:227)
at java.base/jdk.internal.reflect.NativeMethodAccessorImpl.invoke0(Native Method)
at java.base/jdk.internal.reflect.NativeMethodAccessorImpl.invoke(NativeMethodAccessorImpl.java:77)
at java.base/jdk.internal.reflect.DelegatingMethodAccessorImpl.invoke(DelegatingMethodAccessorImpl.java:43)
at java.base/java.lang.reflect.Method.invoke(Method.java:568)
at org.testng.internal.invokers.MethodInvocationHelper.invokeMethod(MethodInvocationHelper.java:141)
at org.testng.internal.invokers.TestInvoker.invokeMethod(TestInvoker.java:687)
at org.testng.internal.invokers.TestInvoker.invokeTestMethod(TestInvoker.java:230)
at org.testng.internal.invokers.MethodRunner.runInSequence(MethodRunner.java:63)
at org.testng.internal.invokers.TestInvoker$MethodInvocationAgent.invoke(TestInvoker.java:995)
at org.testng.internal.invokers.TestInvoker.invokeTestMethods(TestInvoker.java:203)
at org.testng.internal.invokers.TestMethodWorker.invokeTestMethods(TestMethodWorker.java:154)
at org.testng.internal.invokers.TestMethodWorker.run(TestMethodWorker.java:134)
at java.base/java.util.ArrayList.forEach(ArrayList.java:1511)
at org.testng.TestRunner.privateRun(TestRunner.java:741)
at org.testng.TestRunner.run(TestRunner.java:616)
at org.testng.SuiteRunner.runTest(SuiteRunner.java:421)
at org.testng.SuiteRunner.runSequentially(SuiteRunner.java:413)
at org.testng.SuiteRunner.privateRun(SuiteRunner.java:373)
at org.testng.SuiteRunner.run(SuiteRunner.java:312)
at org.testng.SuiteRunnerWorker.runSuite(SuiteRunnerWorker.java:52)
at org.testng.SuiteRunnerWorker.run(SuiteRunnerWorker.java:95)
at org.testng.TestNG.runSuitesSequentially(TestNG.java:1274)
at org.testng.TestNG.runSuitesLocally(TestNG.java:1208)
at org.testng.TestNG.runSuites(TestNG.java:1112)
at org.testng.TestNG.run(TestNG.java:1079)
at org.testng.remote.AbstractRemoteTestNG.run(AbstractRemoteTestNG.java:115)
at org.testng.remote.RemoteTestNG.initAndRun(RemoteTestNG.java:293)
at org.testng.remote.RemoteTestNG.main(RemoteTestNG.java:91)
]]>
            </full-stacktrace>
          </exception> <!-- java.lang.AssertionError -->
          <reporter-output>
          </reporter-output>
        </test-method> <!-- validatePieChartRendersForAllStates -->
        <test-method is-config="true" signature="createTest(java.lang.reflect.Method)[pri:0, instance:tracker.HomeTest@7c137fd5]" started-at="2026-02-25T14:36:14 IST" name="createTest" finished-at="2026-02-25T14:36:14 IST" duration-ms="0" status="PASS">
          <params>
            <param index="0">
              <value>
                <![CDATA[public void tracker.HomeTest.validatePieChartRendersForAllStates()]]>
              </value>
            </param>
          </params>
          <reporter-output>
          </reporter-output>
        </test-method> <!-- createTest -->
        <test-method is-config="true" signature="captureResult(org.testng.ITestResult)[pri:0, instance:tracker.HomeTest@7c137fd5]" started-at="2026-02-25T14:36:14 IST" name="captureResult" finished-at="2026-02-25T14:36:14 IST" duration-ms="0" status="PASS">
          <params>
            <param index="0">
              <value>
                <![CDATA[[TestResult name=validateLineChartValuesMatchCardValues status=SUCCESS method=HomeTest.validateLineChartValuesMatchCardValues()[pri:0, instance:tracker.HomeTest@7c137fd5] output={null}]]]>
              </value>
            </param>
          </params>
          <reporter-output>
          </reporter-output>
        </test-method> <!-- captureResult -->
        <test-method is-config="true" signature="captureResult(org.testng.ITestResult)[pri:0, instance:tracker.HomeTest@7c137fd5]" started-at="2026-02-25T14:36:14 IST" name="captureResult" finished-at="2026-02-25T14:36:14 IST" duration-ms="140" status="PASS">
          <params>
            <param index="0">
              <value>
                <![CDATA[[TestResult name=validatePieChartRendersForAllStates status=FAILURE method=HomeTest.validatePieChartRendersForAllStates()[pri:0, instance:tracker.HomeTest@7c137fd5] output={null}]]]>
              </value>
            </param>
          </params>
          <reporter-output>
          </reporter-output>
        </test-method> <!-- captureResult -->
        <test-method is-config="true" signature="tearDown()[pri:0, instance:tracker.HomeTest@7c137fd5]" started-at="2026-02-25T14:36:14 IST" name="tearDown" finished-at="2026-02-25T14:36:14 IST" duration-ms="286" status="PASS">
          <reporter-output>
          </reporter-output>
        </test-method> <!-- tearDown -->
        <test-method is-config="true" signature="flushReport()[pri:0, instance:tracker.HomeTest@7c137fd5]" started-at="2026-02-25T14:36:14 IST" name="flushReport" finished-at="2026-02-25T14:36:15 IST" duration-ms="346" status="PASS">
          <reporter-output>
          </reporter-output>
        </test-method> <!-- flushReport -->
      </class> <!-- tracker.HomeTest -->
    </test> <!-- Default test -->
  </suite> <!-- Default suite -->
</testng-results>
